<?xml version="1.0" encoding="UTF-8"?>
<testsuites name="Sample excecution" time="29" tests="0" failures="1" errors="0">
   <testsuite name="Sample excecution" tests="0" failures="1" errors="0" time="29" timestamp="2018-08-21 20:04:57" hostname="user24 - casp191115b-PC.tts.in" id="Test Suites/sign in/Sample excecution">
      <properties>
         <property name="deviceName" value=""/>
         <property name="devicePlatform" value=""/>
         <property name="logFolder" value="C:\\Users\\user24\\Katalon Studio\\test project\\Reports\\sign in\\Sample excecution\\20180821_200451"/>
         <property name="logFiles" value="C:\\Users\\user24\\Katalon Studio\\test project\\Reports\\sign in\\Sample excecution\\20180821_200451\\execution0.log, C:\\Users\\user24\\Katalon Studio\\test project\\Reports\\sign in\\Sample excecution\\20180821_200451\\IEDriverServer.log"/>
         <property name="attachments" value=""/>
         <property name="hostName" value="user24 - casp191115b-PC.tts.in"/>
         <property name="hostAddress" value="192.168.1.101"/>
         <property name="os" value="Windows 7 64bit"/>
         <property name="katalonVersion" value="5.6.0.1"/>
      </properties>
      <testcase name="Test Cases/sign in/simple sign in" classname="Test Cases/sign in/simple sign in" status="FAILED">
         <failure type="FAILED" message="Unable to open browser with url: 'https://www.fashmates.com/' (Root cause: org.openqa.selenium.WebDriverException: Timed out waiting for driver server to start.
Build info: version: '3.7.1', revision: '8a0099a', time: '2017-11-06T21:07:36.161Z'
System info: host: 'CASP191115B-PC', ip: '192.168.1.101', os.name: 'Windows 7', os.arch: 'amd64', os.version: '6.1', java.version: '1.8.0_181'
Driver info: driver.version: CInternetExplorerDriver)"/>
         <system-out><![CDATA[2018-08-21 20:04:58 - [TEST_CASE][FAILED] - Test Cases/sign in/simple sign in: Test Cases/sign in/simple sign in FAILED because (of) Unable to open browser with url: 'https://www.fashmates.com/' (Root cause: org.openqa.selenium.WebDriverException: Timed out waiting for driver server to start.
Build info: version: '3.7.1', revision: '8a0099a', time: '2017-11-06T21:07:36.161Z'
System info: host: 'CASP191115B-PC', ip: '192.168.1.101', os.name: 'Windows 7', os.arch: 'amd64', os.version: '6.1', java.version: '1.8.0_181'
Driver info: driver.version: CInternetExplorerDriver)

2018-08-21 20:04:59 - [TEST_STEP][FAILED] - openBrowser: Unable to open browser with url: 'https://www.fashmates.com/' (Root cause: org.openqa.selenium.WebDriverException: Timed out waiting for driver server to start.
Build info: version: '3.7.1', revision: '8a0099a', time: '2017-11-06T21:07:36.161Z'
System info: host: 'CASP191115B-PC', ip: '192.168.1.101', os.name: 'Windows 7', os.arch: 'amd64', os.version: '6.1', java.version: '1.8.0_181'
Driver info: driver.version: CInternetExplorerDriver)

2018-08-21 20:05:26 - [MESSAGE][FAILED] - Unable to open browser with url: 'https://www.fashmates.com/' (Root cause: org.openqa.selenium.WebDriverException: Timed out waiting for driver server to start.
Build info: version: '3.7.1', revision: '8a0099a', time: '2017-11-06T21:07:36.161Z'
System info: host: 'CASP191115B-PC', ip: '192.168.1.101', os.name: 'Windows 7', os.arch: 'amd64', os.version: '6.1', java.version: '1.8.0_181'
Driver info: driver.version: CInternetExplorerDriver)]]></system-out>
         <system-err><![CDATA[2018-08-21 20:04:58 - [TEST_CASE][FAILED] - Test Cases/sign in/simple sign in: Test Cases/sign in/simple sign in FAILED because (of) Unable to open browser with url: 'https://www.fashmates.com/' (Root cause: org.openqa.selenium.WebDriverException: Timed out waiting for driver server to start.
Build info: version: '3.7.1', revision: '8a0099a', time: '2017-11-06T21:07:36.161Z'
System info: host: 'CASP191115B-PC', ip: '192.168.1.101', os.name: 'Windows 7', os.arch: 'amd64', os.version: '6.1', java.version: '1.8.0_181'
Driver info: driver.version: CInternetExplorerDriver)]]></system-err>
      </testcase>
      <system-out><![CDATA[2018-08-21 20:04:57 - [TEST_SUITE][FAILED] - Sample excecution: Test Cases/sign in/simple sign in FAILED because (of) Unable to open browser with url: 'https://www.fashmates.com/' (Root cause: org.openqa.selenium.WebDriverException: Timed out waiting for driver server to start.
Build info: version: '3.7.1', revision: '8a0099a', time: '2017-11-06T21:07:36.161Z'
System info: host: 'CASP191115B-PC', ip: '192.168.1.101', os.name: 'Windows 7', os.arch: 'amd64', os.version: '6.1', java.version: '1.8.0_181'
Driver info: driver.version: CInternetExplorerDriver)]]></system-out>
      <system-err><![CDATA[2018-08-21 20:04:57 - [TEST_SUITE][FAILED] - Sample excecution: Test Cases/sign in/simple sign in FAILED because (of) Unable to open browser with url: 'https://www.fashmates.com/' (Root cause: org.openqa.selenium.WebDriverException: Timed out waiting for driver server to start.
Build info: version: '3.7.1', revision: '8a0099a', time: '2017-11-06T21:07:36.161Z'
System info: host: 'CASP191115B-PC', ip: '192.168.1.101', os.name: 'Windows 7', os.arch: 'amd64', os.version: '6.1', java.version: '1.8.0_181'
Driver info: driver.version: CInternetExplorerDriver)]]></system-err>
   </testsuite>
</testsuites>
